INFO  - 2014-09-15 13:39:04.182; org.eclipse.jetty.server.Server; jetty-8.1.10.v20130312
INFO  - 2014-09-15 13:39:04.211; org.eclipse.jetty.deploy.providers.ScanningAppProvider; Deployment monitor /home/hojoon/SmartSearch/SSEngine/contexts at interval 0
INFO  - 2014-09-15 13:39:04.218; org.eclipse.jetty.deploy.DeploymentManager; Deployable added: /home/hojoon/SmartSearch/SSEngine/contexts/solr-jetty-context.xml
INFO  - 2014-09-15 13:39:04.276; org.eclipse.jetty.webapp.WebInfConfiguration; Extract jar:file:/home/hojoon/SmartSearch/SSEngine/webapps/solr.war!/ to /home/hojoon/SmartSearch/SSEngine/solr-webapp/webapp
INFO  - 2014-09-15 13:39:05.525; org.eclipse.jetty.webapp.StandardDescriptorProcessor; NO JSP Support for /solr, did not find org.apache.jasper.servlet.JspServlet
INFO  - 2014-09-15 13:39:05.574; org.apache.solr.servlet.SolrDispatchFilter; SolrDispatchFilter.init()
INFO  - 2014-09-15 13:39:05.597; org.apache.solr.core.SolrResourceLoader; JNDI not configured for solr (NoInitialContextEx)
INFO  - 2014-09-15 13:39:05.598; org.apache.solr.core.SolrResourceLoader; solr home defaulted to 'solr/' (could not find system property or JNDI)
INFO  - 2014-09-15 13:39:05.599; org.apache.solr.core.SolrResourceLoader; new SolrResourceLoader for directory: 'solr/'
INFO  - 2014-09-15 13:39:05.733; org.apache.solr.core.ConfigSolr; Loading container configuration from /home/hojoon/SmartSearch/SSEngine/solr/solr.xml
INFO  - 2014-09-15 13:39:05.892; org.apache.solr.core.ConfigSolrXml; Config-defined core root directory: 
INFO  - 2014-09-15 13:39:05.901; org.apache.solr.core.CoreContainer; New CoreContainer 798147976
INFO  - 2014-09-15 13:39:05.901; org.apache.solr.core.CoreContainer; Loading cores into CoreContainer [instanceDir=solr/]
INFO  - 2014-09-15 13:39:05.919; org.apache.solr.handler.component.HttpShardHandlerFactory; Setting socketTimeout to: 0
INFO  - 2014-09-15 13:39:05.919; org.apache.solr.handler.component.HttpShardHandlerFactory; Setting urlScheme to: http://
INFO  - 2014-09-15 13:39:05.920; org.apache.solr.handler.component.HttpShardHandlerFactory; Setting connTimeout to: 0
INFO  - 2014-09-15 13:39:05.922; org.apache.solr.handler.component.HttpShardHandlerFactory; Setting maxConnectionsPerHost to: 20
INFO  - 2014-09-15 13:39:05.923; org.apache.solr.handler.component.HttpShardHandlerFactory; Setting corePoolSize to: 0
INFO  - 2014-09-15 13:39:05.923; org.apache.solr.handler.component.HttpShardHandlerFactory; Setting maximumPoolSize to: 2147483647
INFO  - 2014-09-15 13:39:05.924; org.apache.solr.handler.component.HttpShardHandlerFactory; Setting maxThreadIdleTime to: 5
INFO  - 2014-09-15 13:39:05.924; org.apache.solr.handler.component.HttpShardHandlerFactory; Setting sizeOfQueue to: -1
INFO  - 2014-09-15 13:39:05.924; org.apache.solr.handler.component.HttpShardHandlerFactory; Setting fairnessPolicy to: false
INFO  - 2014-09-15 13:39:05.932; org.apache.solr.client.solrj.impl.HttpClientUtil; Creating new http client, config:maxConnectionsPerHost=20&maxConnections=10000&socketTimeout=0&connTimeout=0&retry=false
INFO  - 2014-09-15 13:39:06.163; org.apache.solr.logging.LogWatcher; SLF4J impl is org.slf4j.impl.Log4jLoggerFactory
INFO  - 2014-09-15 13:39:06.164; org.apache.solr.logging.LogWatcher; Registering Log Listener [Log4j (org.slf4j.impl.Log4jLoggerFactory)]
INFO  - 2014-09-15 13:39:06.211; org.apache.solr.core.CorePropertiesLocator; Looking for core definitions underneath /home/hojoon/SmartSearch/SSEngine/solr
INFO  - 2014-09-15 13:39:06.229; org.apache.solr.core.CorePropertiesLocator; Found core collection1 in /home/hojoon/SmartSearch/SSEngine/solr/collection1/
INFO  - 2014-09-15 13:39:06.229; org.apache.solr.core.CorePropertiesLocator; Found 1 core definitions
INFO  - 2014-09-15 13:39:06.232; org.apache.solr.core.CoreContainer; Creating SolrCore 'collection1' using instanceDir: /home/hojoon/SmartSearch/SSEngine/solr/collection1
INFO  - 2014-09-15 13:39:06.233; org.apache.solr.core.SolrResourceLoader; new SolrResourceLoader for directory: '/home/hojoon/SmartSearch/SSEngine/solr/collection1/'
INFO  - 2014-09-15 13:39:06.309; org.apache.solr.core.SolrConfig; Adding specified lib dirs to ClassLoader
WARN  - 2014-09-15 13:39:06.309; org.apache.solr.core.SolrResourceLoader; Can't find (or read) directory to add to classloader: ../../../contrib/extraction/lib (resolved as: /home/hojoon/SmartSearch/SSEngine/solr/collection1/../../../contrib/extraction/lib).
WARN  - 2014-09-15 13:39:06.310; org.apache.solr.core.SolrResourceLoader; Can't find (or read) directory to add to classloader: ../../../dist/ (resolved as: /home/hojoon/SmartSearch/SSEngine/solr/collection1/../../../dist).
WARN  - 2014-09-15 13:39:06.310; org.apache.solr.core.SolrResourceLoader; Can't find (or read) directory to add to classloader: ../../../contrib/clustering/lib/ (resolved as: /home/hojoon/SmartSearch/SSEngine/solr/collection1/../../../contrib/clustering/lib).
WARN  - 2014-09-15 13:39:06.311; org.apache.solr.core.SolrResourceLoader; Can't find (or read) directory to add to classloader: ../../../dist/ (resolved as: /home/hojoon/SmartSearch/SSEngine/solr/collection1/../../../dist).
WARN  - 2014-09-15 13:39:06.311; org.apache.solr.core.SolrResourceLoader; Can't find (or read) directory to add to classloader: ../../../contrib/langid/lib/ (resolved as: /home/hojoon/SmartSearch/SSEngine/solr/collection1/../../../contrib/langid/lib).
WARN  - 2014-09-15 13:39:06.312; org.apache.solr.core.SolrResourceLoader; Can't find (or read) directory to add to classloader: ../../../dist/ (resolved as: /home/hojoon/SmartSearch/SSEngine/solr/collection1/../../../dist).
WARN  - 2014-09-15 13:39:06.312; org.apache.solr.core.SolrResourceLoader; Can't find (or read) directory to add to classloader: ../../../contrib/velocity/lib (resolved as: /home/hojoon/SmartSearch/SSEngine/solr/collection1/../../../contrib/velocity/lib).
WARN  - 2014-09-15 13:39:06.312; org.apache.solr.core.SolrResourceLoader; Can't find (or read) directory to add to classloader: ../../../dist/ (resolved as: /home/hojoon/SmartSearch/SSEngine/solr/collection1/../../../dist).
INFO  - 2014-09-15 13:39:06.442; org.apache.solr.update.SolrIndexConfig; IndexWriter infoStream solr logging is enabled
INFO  - 2014-09-15 13:39:06.447; org.apache.solr.core.SolrConfig; Using Lucene MatchVersion: LUCENE_45
INFO  - 2014-09-15 13:39:06.572; org.apache.solr.core.SolrConfig; Loaded SolrConfig: solrconfig.xml
INFO  - 2014-09-15 13:39:06.578; org.apache.solr.schema.IndexSchema; Reading Solr Schema from schema.xml
INFO  - 2014-09-15 13:39:06.699; org.apache.solr.schema.IndexSchema; [collection1] Schema name=example
INFO  - 2014-09-15 13:39:07.223; org.apache.solr.schema.IndexSchema; unique key field: id
INFO  - 2014-09-15 13:39:07.309; org.apache.solr.schema.FileExchangeRateProvider; Reloading exchange rates from file currency.xml
INFO  - 2014-09-15 13:39:07.316; org.apache.solr.schema.FileExchangeRateProvider; Reloading exchange rates from file currency.xml
INFO  - 2014-09-15 13:39:07.452; org.apache.solr.core.SolrCore; solr.NRTCachingDirectoryFactory
INFO  - 2014-09-15 13:39:07.459; org.apache.solr.core.SolrCore; [collection1] Opening new SolrCore at /home/hojoon/SmartSearch/SSEngine/solr/collection1/, dataDir=/home/hojoon/SmartSearch/SSEngine/solr/collection1/data/
INFO  - 2014-09-15 13:39:07.462; org.apache.solr.core.JmxMonitoredMap; No JMX servers found, not exposing Solr information with JMX.
INFO  - 2014-09-15 13:39:07.469; org.apache.solr.core.SolrCore; [collection1] Added SolrEventListener for newSearcher: org.apache.solr.core.QuerySenderListener{queries=[]}
INFO  - 2014-09-15 13:39:07.470; org.apache.solr.core.SolrCore; [collection1] Added SolrEventListener for firstSearcher: org.apache.solr.core.QuerySenderListener{queries=[{q=static firstSearcher warming in solrconfig.xml}]}
INFO  - 2014-09-15 13:39:07.491; org.apache.solr.core.CachingDirectoryFactory; return new directory for /home/hojoon/SmartSearch/SSEngine/solr/collection1/data
INFO  - 2014-09-15 13:39:07.491; org.apache.solr.core.SolrCore; New index directory detected: old=null new=/home/hojoon/SmartSearch/SSEngine/solr/collection1/data/index/
WARN  - 2014-09-15 13:39:07.492; org.apache.solr.core.SolrCore; [collection1] Solr index directory '/home/hojoon/SmartSearch/SSEngine/solr/collection1/data/index' doesn't exist. Creating new index...
INFO  - 2014-09-15 13:39:07.499; org.apache.solr.core.CachingDirectoryFactory; return new directory for /home/hojoon/SmartSearch/SSEngine/solr/collection1/data/index
INFO  - 2014-09-15 13:39:07.544; org.apache.solr.core.SolrDeletionPolicy; SolrDeletionPolicy.onCommit: commits: num=1
	commit{dir=NRTCachingDirectory(org.apache.lucene.store.MMapDirectory@/home/hojoon/SmartSearch/SSEngine/solr/collection1/data/index lockFactory=org.apache.lucene.store.NativeFSLockFactory@7caa999; maxCacheMB=48.0 maxMergeSizeMB=4.0),segFN=segments_1,generation=1}
INFO  - 2014-09-15 13:39:07.544; org.apache.solr.core.SolrDeletionPolicy; newest commit generation = 1
INFO  - 2014-09-15 13:39:07.548; org.apache.solr.core.SolrCore; created json: solr.JSONResponseWriter
INFO  - 2014-09-15 13:39:07.548; org.apache.solr.core.SolrCore; adding lazy queryResponseWriter: solr.VelocityResponseWriter
INFO  - 2014-09-15 13:39:07.549; org.apache.solr.core.SolrCore; created velocity: solr.VelocityResponseWriter
INFO  - 2014-09-15 13:39:07.552; org.apache.solr.core.SolrCore; created xslt: solr.XSLTResponseWriter
INFO  - 2014-09-15 13:39:07.553; org.apache.solr.response.XSLTResponseWriter; xsltCacheLifetimeSeconds=5
INFO  - 2014-09-15 13:39:07.638; org.apache.solr.core.SolrCore; no updateRequestProcessorChain defined as default, creating implicit default
INFO  - 2014-09-15 13:39:07.646; org.apache.solr.core.RequestHandlers; created /select: solr.SearchHandler
INFO  - 2014-09-15 13:39:07.647; org.apache.solr.core.RequestHandlers; created /query: solr.SearchHandler
INFO  - 2014-09-15 13:39:07.649; org.apache.solr.core.RequestHandlers; created /get: solr.RealTimeGetHandler
INFO  - 2014-09-15 13:39:07.649; org.apache.solr.core.RequestHandlers; created /browse: solr.SearchHandler
INFO  - 2014-09-15 13:39:07.652; org.apache.solr.core.RequestHandlers; created /update: solr.UpdateRequestHandler
INFO  - 2014-09-15 13:39:07.654; org.apache.solr.core.RequestHandlers; created /update/json: solr.JsonUpdateRequestHandler
INFO  - 2014-09-15 13:39:07.656; org.apache.solr.core.RequestHandlers; created /update/csv: solr.CSVRequestHandler
INFO  - 2014-09-15 13:39:07.656; org.apache.solr.core.RequestHandlers; adding lazy requestHandler: solr.extraction.ExtractingRequestHandler
INFO  - 2014-09-15 13:39:07.657; org.apache.solr.core.RequestHandlers; created /update/extract: solr.extraction.ExtractingRequestHandler
INFO  - 2014-09-15 13:39:07.657; org.apache.solr.core.RequestHandlers; adding lazy requestHandler: solr.FieldAnalysisRequestHandler
INFO  - 2014-09-15 13:39:07.657; org.apache.solr.core.RequestHandlers; created /analysis/field: solr.FieldAnalysisRequestHandler
INFO  - 2014-09-15 13:39:07.658; org.apache.solr.core.RequestHandlers; adding lazy requestHandler: solr.DocumentAnalysisRequestHandler
INFO  - 2014-09-15 13:39:07.658; org.apache.solr.core.RequestHandlers; created /analysis/document: solr.DocumentAnalysisRequestHandler
INFO  - 2014-09-15 13:39:07.660; org.apache.solr.core.RequestHandlers; created /admin/: solr.admin.AdminHandlers
INFO  - 2014-09-15 13:39:07.662; org.apache.solr.core.RequestHandlers; created /admin/ping: solr.PingRequestHandler
INFO  - 2014-09-15 13:39:07.664; org.apache.solr.core.RequestHandlers; created /debug/dump: solr.DumpRequestHandler
INFO  - 2014-09-15 13:39:07.673; org.apache.solr.core.RequestHandlers; created /replication: solr.ReplicationHandler
INFO  - 2014-09-15 13:39:07.674; org.apache.solr.core.RequestHandlers; adding lazy requestHandler: solr.SearchHandler
INFO  - 2014-09-15 13:39:07.674; org.apache.solr.core.RequestHandlers; created /spell: solr.SearchHandler
INFO  - 2014-09-15 13:39:07.674; org.apache.solr.core.RequestHandlers; adding lazy requestHandler: solr.SearchHandler
INFO  - 2014-09-15 13:39:07.674; org.apache.solr.core.RequestHandlers; created /tvrh: solr.SearchHandler
INFO  - 2014-09-15 13:39:07.674; org.apache.solr.core.RequestHandlers; adding lazy requestHandler: org.apache.solr.handler.js.JavaScriptRequestHandler
INFO  - 2014-09-15 13:39:07.675; org.apache.solr.core.RequestHandlers; created /js: org.apache.solr.handler.js.JavaScriptRequestHandler
INFO  - 2014-09-15 13:39:07.675; org.apache.solr.core.RequestHandlers; adding lazy requestHandler: solr.SearchHandler
INFO  - 2014-09-15 13:39:07.675; org.apache.solr.core.RequestHandlers; created /terms: solr.SearchHandler
INFO  - 2014-09-15 13:39:07.675; org.apache.solr.core.RequestHandlers; adding lazy requestHandler: solr.SearchHandler
INFO  - 2014-09-15 13:39:07.675; org.apache.solr.core.RequestHandlers; created /elevate: solr.SearchHandler
INFO  - 2014-09-15 13:39:07.694; org.apache.solr.handler.loader.XMLLoader; xsltCacheLifetimeSeconds=60
INFO  - 2014-09-15 13:39:07.696; org.apache.solr.handler.loader.XMLLoader; xsltCacheLifetimeSeconds=60
INFO  - 2014-09-15 13:39:07.697; org.apache.solr.handler.loader.XMLLoader; xsltCacheLifetimeSeconds=60
INFO  - 2014-09-15 13:39:07.712; org.apache.solr.update.CommitTracker; Hard AutoCommit: if uncommited for 15000ms; 
INFO  - 2014-09-15 13:39:07.712; org.apache.solr.update.CommitTracker; Soft AutoCommit: disabled
INFO  - 2014-09-15 13:39:07.718; org.apache.solr.core.SolrDeletionPolicy; SolrDeletionPolicy.onInit: commits: num=1
	commit{dir=NRTCachingDirectory(org.apache.lucene.store.MMapDirectory@/home/hojoon/SmartSearch/SSEngine/solr/collection1/data/index lockFactory=org.apache.lucene.store.NativeFSLockFactory@7caa999; maxCacheMB=48.0 maxMergeSizeMB=4.0),segFN=segments_1,generation=1}
INFO  - 2014-09-15 13:39:07.719; org.apache.solr.core.SolrDeletionPolicy; newest commit generation = 1
INFO  - 2014-09-15 13:39:07.725; org.apache.solr.search.SolrIndexSearcher; Opening Searcher@52a16a10 main
INFO  - 2014-09-15 13:39:07.731; org.apache.solr.handler.component.SpellCheckComponent; Initializing spell checkers
INFO  - 2014-09-15 13:39:07.738; org.apache.solr.spelling.DirectSolrSpellChecker; init: {name=default,field=text,classname=solr.DirectSolrSpellChecker,distanceMeasure=internal,accuracy=0.5,maxEdits=2,minPrefix=1,maxInspections=5,minQueryLength=4,maxQueryFrequency=0.01}
INFO  - 2014-09-15 13:39:07.744; org.apache.solr.handler.component.SpellCheckComponent; No queryConverter defined, using default converter
INFO  - 2014-09-15 13:39:07.747; org.apache.solr.handler.component.QueryElevationComponent; Loading QueryElevation from: /home/hojoon/SmartSearch/SSEngine/solr/collection1/conf/elevate.xml
INFO  - 2014-09-15 13:39:07.775; org.apache.solr.handler.ReplicationHandler; Commits will be reserved for  10000
INFO  - 2014-09-15 13:39:07.776; org.apache.solr.core.QuerySenderListener; QuerySenderListener sending requests to Searcher@52a16a10 main{StandardDirectoryReader(segments_1:1:nrt)}
INFO  - 2014-09-15 13:39:07.777; org.apache.solr.core.CoreContainer; registering core: collection1
INFO  - 2014-09-15 13:39:07.782; org.apache.solr.servlet.SolrDispatchFilter; user.dir=/home/hojoon/SmartSearch/SSEngine
INFO  - 2014-09-15 13:39:07.782; org.apache.solr.servlet.SolrDispatchFilter; SolrDispatchFilter.init() done
INFO  - 2014-09-15 13:39:07.831; org.eclipse.jetty.server.AbstractConnector; Started SocketConnector@0.0.0.0:8983
INFO  - 2014-09-15 13:39:07.863; org.apache.solr.core.SolrCore; [collection1] webapp=null path=null params={event=firstSearcher&q=static+firstSearcher+warming+in+solrconfig.xml&distrib=false} hits=0 status=0 QTime=83 
INFO  - 2014-09-15 13:39:07.864; org.apache.solr.core.QuerySenderListener; QuerySenderListener done.
INFO  - 2014-09-15 13:39:07.864; org.apache.solr.handler.component.SpellCheckComponent$SpellCheckerListener; Loading spell index for spellchecker: default
INFO  - 2014-09-15 13:39:07.864; org.apache.solr.handler.component.SpellCheckComponent$SpellCheckerListener; Loading spell index for spellchecker: wordbreak
INFO  - 2014-09-15 13:39:07.865; org.apache.solr.core.SolrCore; [collection1] Registered new searcher Searcher@52a16a10 main{StandardDirectoryReader(segments_1:1:nrt)}
INFO  - 2014-09-15 13:40:08.667; org.apache.solr.servlet.SolrDispatchFilter; [admin] webapp=null path=/admin/cores params={indexInfo=false&_=1410755988341&wt=json} status=0 QTime=2 
INFO  - 2014-09-15 13:40:08.884; org.apache.solr.servlet.SolrDispatchFilter; [admin] webapp=null path=/admin/info/system params={_=1410755988561&wt=json} status=0 QTime=15 
INFO  - 2014-09-15 13:40:19.725; org.eclipse.jetty.server.Server; Graceful shutdown SocketConnector@0.0.0.0:8983
INFO  - 2014-09-15 13:40:19.726; org.eclipse.jetty.server.Server; Graceful shutdown o.e.j.w.WebAppContext{/solr,file:/home/hojoon/SmartSearch/SSEngine/solr-webapp/webapp/},/home/hojoon/SmartSearch/SSEngine/webapps/solr.war
INFO  - 2014-09-15 13:40:20.732; org.apache.solr.core.CoreContainer; Shutting down CoreContainer instance=798147976
INFO  - 2014-09-15 13:40:20.733; org.apache.solr.core.SolrCore; [collection1]  CLOSING SolrCore org.apache.solr.core.SolrCore@1c077cfc
INFO  - 2014-09-15 13:40:20.733; org.apache.solr.update.DirectUpdateHandler2; closing DirectUpdateHandler2{commits=0,autocommit maxTime=15000ms,autocommits=0,soft autocommits=0,optimizes=0,rollbacks=0,expungeDeletes=0,docsPending=0,adds=0,deletesById=0,deletesByQuery=0,errors=0,cumulative_adds=0,cumulative_deletesById=0,cumulative_deletesByQuery=0,cumulative_errors=0}
INFO  - 2014-09-15 13:40:20.734; org.apache.solr.update.SolrCoreState; Closing SolrCoreState
INFO  - 2014-09-15 13:40:20.734; org.apache.solr.update.DefaultSolrCoreState; SolrCoreState ref count has reached 0 - closing IndexWriter
INFO  - 2014-09-15 13:40:20.734; org.apache.solr.update.DefaultSolrCoreState; closing IndexWriter with IndexWriterCloser
INFO  - 2014-09-15 13:40:20.738; org.apache.solr.core.SolrCore; [collection1] Closing main searcher on request.
INFO  - 2014-09-15 13:40:20.739; org.apache.solr.core.CachingDirectoryFactory; Closing NRTCachingDirectoryFactory - 2 directories currently being tracked
INFO  - 2014-09-15 13:40:20.740; org.apache.solr.core.CachingDirectoryFactory; looking to close /home/hojoon/SmartSearch/SSEngine/solr/collection1/data/index [CachedDir<<refCount=0;path=/home/hojoon/SmartSearch/SSEngine/solr/collection1/data/index;done=false>>]
INFO  - 2014-09-15 13:40:20.740; org.apache.solr.core.CachingDirectoryFactory; Closing directory: /home/hojoon/SmartSearch/SSEngine/solr/collection1/data/index
INFO  - 2014-09-15 13:40:20.741; org.apache.solr.core.CachingDirectoryFactory; looking to close /home/hojoon/SmartSearch/SSEngine/solr/collection1/data [CachedDir<<refCount=0;path=/home/hojoon/SmartSearch/SSEngine/solr/collection1/data;done=false>>]
INFO  - 2014-09-15 13:40:20.741; org.apache.solr.core.CachingDirectoryFactory; Closing directory: /home/hojoon/SmartSearch/SSEngine/solr/collection1/data
INFO  - 2014-09-15 13:40:20.743; org.eclipse.jetty.server.handler.ContextHandler; stopped o.e.j.w.WebAppContext{/solr,file:/home/hojoon/SmartSearch/SSEngine/solr-webapp/webapp/},/home/hojoon/SmartSearch/SSEngine/webapps/solr.war
INFO  - 2014-09-15 13:41:15.146; org.eclipse.jetty.server.Server; jetty-8.1.10.v20130312
INFO  - 2014-09-15 13:41:15.173; org.eclipse.jetty.deploy.providers.ScanningAppProvider; Deployment monitor /home/hojoon/SmartSearch/SSEngine/contexts at interval 0
INFO  - 2014-09-15 13:41:15.180; org.eclipse.jetty.deploy.DeploymentManager; Deployable added: /home/hojoon/SmartSearch/SSEngine/contexts/solr-jetty-context.xml
INFO  - 2014-09-15 13:41:16.126; org.eclipse.jetty.webapp.StandardDescriptorProcessor; NO JSP Support for /solr, did not find org.apache.jasper.servlet.JspServlet
INFO  - 2014-09-15 13:41:16.170; org.apache.solr.servlet.SolrDispatchFilter; SolrDispatchFilter.init()
INFO  - 2014-09-15 13:41:16.191; org.apache.solr.core.SolrResourceLoader; JNDI not configured for solr (NoInitialContextEx)
INFO  - 2014-09-15 13:41:16.191; org.apache.solr.core.SolrResourceLoader; solr home defaulted to 'solr/' (could not find system property or JNDI)
INFO  - 2014-09-15 13:41:16.193; org.apache.solr.core.SolrResourceLoader; new SolrResourceLoader for directory: 'solr/'
INFO  - 2014-09-15 13:41:16.316; org.apache.solr.core.ConfigSolr; Loading container configuration from /home/hojoon/SmartSearch/SSEngine/solr/solr.xml
INFO  - 2014-09-15 13:41:16.434; org.apache.solr.core.ConfigSolrXml; Config-defined core root directory: 
INFO  - 2014-09-15 13:41:16.442; org.apache.solr.core.CoreContainer; New CoreContainer 2091996413
INFO  - 2014-09-15 13:41:16.442; org.apache.solr.core.CoreContainer; Loading cores into CoreContainer [instanceDir=solr/]
INFO  - 2014-09-15 13:41:16.458; org.apache.solr.handler.component.HttpShardHandlerFactory; Setting socketTimeout to: 0
INFO  - 2014-09-15 13:41:16.459; org.apache.solr.handler.component.HttpShardHandlerFactory; Setting urlScheme to: http://
INFO  - 2014-09-15 13:41:16.459; org.apache.solr.handler.component.HttpShardHandlerFactory; Setting connTimeout to: 0
INFO  - 2014-09-15 13:41:16.459; org.apache.solr.handler.component.HttpShardHandlerFactory; Setting maxConnectionsPerHost to: 20
INFO  - 2014-09-15 13:41:16.462; org.apache.solr.handler.component.HttpShardHandlerFactory; Setting corePoolSize to: 0
INFO  - 2014-09-15 13:41:16.462; org.apache.solr.handler.component.HttpShardHandlerFactory; Setting maximumPoolSize to: 2147483647
INFO  - 2014-09-15 13:41:16.463; org.apache.solr.handler.component.HttpShardHandlerFactory; Setting maxThreadIdleTime to: 5
INFO  - 2014-09-15 13:41:16.463; org.apache.solr.handler.component.HttpShardHandlerFactory; Setting sizeOfQueue to: -1
INFO  - 2014-09-15 13:41:16.463; org.apache.solr.handler.component.HttpShardHandlerFactory; Setting fairnessPolicy to: false
INFO  - 2014-09-15 13:41:16.476; org.apache.solr.client.solrj.impl.HttpClientUtil; Creating new http client, config:maxConnectionsPerHost=20&maxConnections=10000&socketTimeout=0&connTimeout=0&retry=false
INFO  - 2014-09-15 13:41:16.696; org.apache.solr.logging.LogWatcher; SLF4J impl is org.slf4j.impl.Log4jLoggerFactory
INFO  - 2014-09-15 13:41:16.697; org.apache.solr.logging.LogWatcher; Registering Log Listener [Log4j (org.slf4j.impl.Log4jLoggerFactory)]
INFO  - 2014-09-15 13:41:16.735; org.apache.solr.core.CorePropertiesLocator; Looking for core definitions underneath /home/hojoon/SmartSearch/SSEngine/solr
INFO  - 2014-09-15 13:41:16.751; org.apache.solr.core.CorePropertiesLocator; Found core collection1 in /home/hojoon/SmartSearch/SSEngine/solr/collection1/
INFO  - 2014-09-15 13:41:16.751; org.apache.solr.core.CorePropertiesLocator; Found 1 core definitions
INFO  - 2014-09-15 13:41:16.754; org.apache.solr.core.CoreContainer; Creating SolrCore 'collection1' using instanceDir: /home/hojoon/SmartSearch/SSEngine/solr/collection1
INFO  - 2014-09-15 13:41:16.754; org.apache.solr.core.SolrResourceLoader; new SolrResourceLoader for directory: '/home/hojoon/SmartSearch/SSEngine/solr/collection1/'
INFO  - 2014-09-15 13:41:16.836; org.apache.solr.core.SolrConfig; Adding specified lib dirs to ClassLoader
WARN  - 2014-09-15 13:41:16.837; org.apache.solr.core.SolrResourceLoader; Can't find (or read) directory to add to classloader: ../../../contrib/extraction/lib (resolved as: /home/hojoon/SmartSearch/SSEngine/solr/collection1/../../../contrib/extraction/lib).
WARN  - 2014-09-15 13:41:16.837; org.apache.solr.core.SolrResourceLoader; Can't find (or read) directory to add to classloader: ../../../dist/ (resolved as: /home/hojoon/SmartSearch/SSEngine/solr/collection1/../../../dist).
WARN  - 2014-09-15 13:41:16.837; org.apache.solr.core.SolrResourceLoader; Can't find (or read) directory to add to classloader: ../../../contrib/clustering/lib/ (resolved as: /home/hojoon/SmartSearch/SSEngine/solr/collection1/../../../contrib/clustering/lib).
WARN  - 2014-09-15 13:41:16.838; org.apache.solr.core.SolrResourceLoader; Can't find (or read) directory to add to classloader: ../../../dist/ (resolved as: /home/hojoon/SmartSearch/SSEngine/solr/collection1/../../../dist).
WARN  - 2014-09-15 13:41:16.838; org.apache.solr.core.SolrResourceLoader; Can't find (or read) directory to add to classloader: ../../../contrib/langid/lib/ (resolved as: /home/hojoon/SmartSearch/SSEngine/solr/collection1/../../../contrib/langid/lib).
WARN  - 2014-09-15 13:41:16.838; org.apache.solr.core.SolrResourceLoader; Can't find (or read) directory to add to classloader: ../../../dist/ (resolved as: /home/hojoon/SmartSearch/SSEngine/solr/collection1/../../../dist).
WARN  - 2014-09-15 13:41:16.839; org.apache.solr.core.SolrResourceLoader; Can't find (or read) directory to add to classloader: ../../../contrib/velocity/lib (resolved as: /home/hojoon/SmartSearch/SSEngine/solr/collection1/../../../contrib/velocity/lib).
WARN  - 2014-09-15 13:41:16.839; org.apache.solr.core.SolrResourceLoader; Can't find (or read) directory to add to classloader: ../../../dist/ (resolved as: /home/hojoon/SmartSearch/SSEngine/solr/collection1/../../../dist).
INFO  - 2014-09-15 13:41:16.997; org.apache.solr.update.SolrIndexConfig; IndexWriter infoStream solr logging is enabled
INFO  - 2014-09-15 13:41:17.003; org.apache.solr.core.SolrConfig; Using Lucene MatchVersion: LUCENE_45
INFO  - 2014-09-15 13:41:17.146; org.apache.solr.core.SolrConfig; Loaded SolrConfig: solrconfig.xml
INFO  - 2014-09-15 13:41:17.153; org.apache.solr.schema.IndexSchema; Reading Solr Schema from schema.xml
INFO  - 2014-09-15 13:41:17.233; org.apache.solr.schema.IndexSchema; [collection1] Schema name=example
INFO  - 2014-09-15 13:41:17.758; org.apache.solr.schema.IndexSchema; unique key field: id
INFO  - 2014-09-15 13:41:17.842; org.apache.solr.schema.FileExchangeRateProvider; Reloading exchange rates from file currency.xml
INFO  - 2014-09-15 13:41:17.850; org.apache.solr.schema.FileExchangeRateProvider; Reloading exchange rates from file currency.xml
INFO  - 2014-09-15 13:41:17.998; org.apache.solr.core.SolrCore; solr.NRTCachingDirectoryFactory
INFO  - 2014-09-15 13:41:18.007; org.apache.solr.core.SolrCore; [collection1] Opening new SolrCore at /home/hojoon/SmartSearch/SSEngine/solr/collection1/, dataDir=/home/hojoon/SmartSearch/SSEngine/solr/collection1/data/
INFO  - 2014-09-15 13:41:18.008; org.apache.solr.core.JmxMonitoredMap; No JMX servers found, not exposing Solr information with JMX.
INFO  - 2014-09-15 13:41:18.015; org.apache.solr.core.SolrCore; [collection1] Added SolrEventListener for newSearcher: org.apache.solr.core.QuerySenderListener{queries=[]}
INFO  - 2014-09-15 13:41:18.016; org.apache.solr.core.SolrCore; [collection1] Added SolrEventListener for firstSearcher: org.apache.solr.core.QuerySenderListener{queries=[{q=static firstSearcher warming in solrconfig.xml}]}
INFO  - 2014-09-15 13:41:18.032; org.apache.solr.core.CachingDirectoryFactory; return new directory for /home/hojoon/SmartSearch/SSEngine/solr/collection1/data
INFO  - 2014-09-15 13:41:18.032; org.apache.solr.core.SolrCore; New index directory detected: old=null new=/home/hojoon/SmartSearch/SSEngine/solr/collection1/data/index/
INFO  - 2014-09-15 13:41:18.033; org.apache.solr.core.CachingDirectoryFactory; return new directory for /home/hojoon/SmartSearch/SSEngine/solr/collection1/data/index
INFO  - 2014-09-15 13:41:18.045; org.apache.solr.core.SolrCore; created json: solr.JSONResponseWriter
INFO  - 2014-09-15 13:41:18.045; org.apache.solr.core.SolrCore; adding lazy queryResponseWriter: solr.VelocityResponseWriter
INFO  - 2014-09-15 13:41:18.046; org.apache.solr.core.SolrCore; created velocity: solr.VelocityResponseWriter
INFO  - 2014-09-15 13:41:18.050; org.apache.solr.core.SolrCore; created xslt: solr.XSLTResponseWriter
INFO  - 2014-09-15 13:41:18.050; org.apache.solr.response.XSLTResponseWriter; xsltCacheLifetimeSeconds=5
INFO  - 2014-09-15 13:41:18.138; org.apache.solr.core.SolrCore; no updateRequestProcessorChain defined as default, creating implicit default
INFO  - 2014-09-15 13:41:18.147; org.apache.solr.core.RequestHandlers; created /select: solr.SearchHandler
INFO  - 2014-09-15 13:41:18.148; org.apache.solr.core.RequestHandlers; created /query: solr.SearchHandler
INFO  - 2014-09-15 13:41:18.150; org.apache.solr.core.RequestHandlers; created /get: solr.RealTimeGetHandler
INFO  - 2014-09-15 13:41:18.150; org.apache.solr.core.RequestHandlers; created /browse: solr.SearchHandler
INFO  - 2014-09-15 13:41:18.153; org.apache.solr.core.RequestHandlers; created /update: solr.UpdateRequestHandler
INFO  - 2014-09-15 13:41:18.155; org.apache.solr.core.RequestHandlers; created /update/json: solr.JsonUpdateRequestHandler
INFO  - 2014-09-15 13:41:18.157; org.apache.solr.core.RequestHandlers; created /update/csv: solr.CSVRequestHandler
INFO  - 2014-09-15 13:41:18.157; org.apache.solr.core.RequestHandlers; adding lazy requestHandler: solr.extraction.ExtractingRequestHandler
INFO  - 2014-09-15 13:41:18.158; org.apache.solr.core.RequestHandlers; created /update/extract: solr.extraction.ExtractingRequestHandler
INFO  - 2014-09-15 13:41:18.158; org.apache.solr.core.RequestHandlers; adding lazy requestHandler: solr.FieldAnalysisRequestHandler
INFO  - 2014-09-15 13:41:18.159; org.apache.solr.core.RequestHandlers; created /analysis/field: solr.FieldAnalysisRequestHandler
INFO  - 2014-09-15 13:41:18.159; org.apache.solr.core.RequestHandlers; adding lazy requestHandler: solr.DocumentAnalysisRequestHandler
INFO  - 2014-09-15 13:41:18.159; org.apache.solr.core.RequestHandlers; created /analysis/document: solr.DocumentAnalysisRequestHandler
INFO  - 2014-09-15 13:41:18.162; org.apache.solr.core.RequestHandlers; created /admin/: solr.admin.AdminHandlers
INFO  - 2014-09-15 13:41:18.164; org.apache.solr.core.RequestHandlers; created /admin/ping: solr.PingRequestHandler
INFO  - 2014-09-15 13:41:18.166; org.apache.solr.core.RequestHandlers; created /debug/dump: solr.DumpRequestHandler
INFO  - 2014-09-15 13:41:18.176; org.apache.solr.core.RequestHandlers; created /replication: solr.ReplicationHandler
INFO  - 2014-09-15 13:41:18.176; org.apache.solr.core.RequestHandlers; adding lazy requestHandler: solr.SearchHandler
INFO  - 2014-09-15 13:41:18.177; org.apache.solr.core.RequestHandlers; created /spell: solr.SearchHandler
INFO  - 2014-09-15 13:41:18.177; org.apache.solr.core.RequestHandlers; adding lazy requestHandler: solr.SearchHandler
INFO  - 2014-09-15 13:41:18.177; org.apache.solr.core.RequestHandlers; created /tvrh: solr.SearchHandler
INFO  - 2014-09-15 13:41:18.177; org.apache.solr.core.RequestHandlers; adding lazy requestHandler: org.apache.solr.handler.js.JavaScriptRequestHandler
INFO  - 2014-09-15 13:41:18.177; org.apache.solr.core.RequestHandlers; created /js: org.apache.solr.handler.js.JavaScriptRequestHandler
INFO  - 2014-09-15 13:41:18.177; org.apache.solr.core.RequestHandlers; adding lazy requestHandler: solr.SearchHandler
INFO  - 2014-09-15 13:41:18.178; org.apache.solr.core.RequestHandlers; created /terms: solr.SearchHandler
INFO  - 2014-09-15 13:41:18.178; org.apache.solr.core.RequestHandlers; adding lazy requestHandler: solr.SearchHandler
INFO  - 2014-09-15 13:41:18.178; org.apache.solr.core.RequestHandlers; created /elevate: solr.SearchHandler
INFO  - 2014-09-15 13:41:18.193; org.apache.solr.handler.loader.XMLLoader; xsltCacheLifetimeSeconds=60
INFO  - 2014-09-15 13:41:18.196; org.apache.solr.handler.loader.XMLLoader; xsltCacheLifetimeSeconds=60
INFO  - 2014-09-15 13:41:18.196; org.apache.solr.handler.loader.XMLLoader; xsltCacheLifetimeSeconds=60
INFO  - 2014-09-15 13:41:18.213; org.apache.solr.update.CommitTracker; Hard AutoCommit: if uncommited for 15000ms; 
INFO  - 2014-09-15 13:41:18.213; org.apache.solr.update.CommitTracker; Soft AutoCommit: disabled
INFO  - 2014-09-15 13:41:18.256; org.apache.solr.core.SolrDeletionPolicy; SolrDeletionPolicy.onInit: commits: num=1
	commit{dir=NRTCachingDirectory(org.apache.lucene.store.MMapDirectory@/home/hojoon/SmartSearch/SSEngine/solr/collection1/data/index lockFactory=org.apache.lucene.store.NativeFSLockFactory@4c053972; maxCacheMB=48.0 maxMergeSizeMB=4.0),segFN=segments_1,generation=1}
INFO  - 2014-09-15 13:41:18.256; org.apache.solr.core.SolrDeletionPolicy; newest commit generation = 1
INFO  - 2014-09-15 13:41:18.264; org.apache.solr.search.SolrIndexSearcher; Opening Searcher@63c58252 main
INFO  - 2014-09-15 13:41:18.270; org.apache.solr.handler.component.SpellCheckComponent; Initializing spell checkers
INFO  - 2014-09-15 13:41:18.277; org.apache.solr.spelling.DirectSolrSpellChecker; init: {name=default,field=text,classname=solr.DirectSolrSpellChecker,distanceMeasure=internal,accuracy=0.5,maxEdits=2,minPrefix=1,maxInspections=5,minQueryLength=4,maxQueryFrequency=0.01}
INFO  - 2014-09-15 13:41:18.284; org.apache.solr.handler.component.SpellCheckComponent; No queryConverter defined, using default converter
INFO  - 2014-09-15 13:41:18.287; org.apache.solr.handler.component.QueryElevationComponent; Loading QueryElevation from: /home/hojoon/SmartSearch/SSEngine/solr/collection1/conf/elevate.xml
INFO  - 2014-09-15 13:41:18.317; org.apache.solr.handler.ReplicationHandler; Commits will be reserved for  10000
INFO  - 2014-09-15 13:41:18.317; org.apache.solr.core.QuerySenderListener; QuerySenderListener sending requests to Searcher@63c58252 main{StandardDirectoryReader(segments_1:1:nrt)}
INFO  - 2014-09-15 13:41:18.318; org.apache.solr.core.CoreContainer; registering core: collection1
INFO  - 2014-09-15 13:41:18.320; org.apache.solr.servlet.SolrDispatchFilter; user.dir=/home/hojoon/SmartSearch/SSEngine
INFO  - 2014-09-15 13:41:18.321; org.apache.solr.servlet.SolrDispatchFilter; SolrDispatchFilter.init() done
INFO  - 2014-09-15 13:41:18.370; org.apache.solr.core.SolrCore; [collection1] webapp=null path=null params={event=firstSearcher&q=static+firstSearcher+warming+in+solrconfig.xml&distrib=false} hits=0 status=0 QTime=50 
INFO  - 2014-09-15 13:41:18.371; org.apache.solr.core.QuerySenderListener; QuerySenderListener done.
INFO  - 2014-09-15 13:41:18.372; org.apache.solr.handler.component.SpellCheckComponent$SpellCheckerListener; Loading spell index for spellchecker: default
INFO  - 2014-09-15 13:41:18.372; org.apache.solr.handler.component.SpellCheckComponent$SpellCheckerListener; Loading spell index for spellchecker: wordbreak
INFO  - 2014-09-15 13:41:18.372; org.apache.solr.core.SolrCore; [collection1] Registered new searcher Searcher@63c58252 main{StandardDirectoryReader(segments_1:1:nrt)}
INFO  - 2014-09-15 13:41:18.382; org.eclipse.jetty.server.AbstractConnector; Started SocketConnector@0.0.0.0:8983
INFO  - 2014-09-15 13:41:47.254; org.apache.solr.servlet.SolrDispatchFilter; [admin] webapp=null path=/admin/cores params={indexInfo=false&_=1410756086860&wt=json} status=0 QTime=1 
INFO  - 2014-09-15 13:41:47.737; org.apache.solr.servlet.SolrDispatchFilter; [admin] webapp=null path=/admin/info/system params={_=1410756087182&wt=json} status=0 QTime=12 
INFO  - 2014-09-15 13:41:59.921; org.eclipse.jetty.server.Server; Graceful shutdown SocketConnector@0.0.0.0:8983
INFO  - 2014-09-15 13:41:59.921; org.eclipse.jetty.server.Server; Graceful shutdown o.e.j.w.WebAppContext{/solr,file:/home/hojoon/SmartSearch/SSEngine/solr-webapp/webapp/},/home/hojoon/SmartSearch/SSEngine/webapps/solr.war
INFO  - 2014-09-15 13:42:00.928; org.apache.solr.core.CoreContainer; Shutting down CoreContainer instance=2091996413
INFO  - 2014-09-15 13:42:00.928; org.apache.solr.core.SolrCore; [collection1]  CLOSING SolrCore org.apache.solr.core.SolrCore@728dc344
INFO  - 2014-09-15 13:42:00.929; org.apache.solr.update.DirectUpdateHandler2; closing DirectUpdateHandler2{commits=0,autocommit maxTime=15000ms,autocommits=0,soft autocommits=0,optimizes=0,rollbacks=0,expungeDeletes=0,docsPending=0,adds=0,deletesById=0,deletesByQuery=0,errors=0,cumulative_adds=0,cumulative_deletesById=0,cumulative_deletesByQuery=0,cumulative_errors=0}
INFO  - 2014-09-15 13:42:00.929; org.apache.solr.update.SolrCoreState; Closing SolrCoreState
INFO  - 2014-09-15 13:42:00.929; org.apache.solr.update.DefaultSolrCoreState; SolrCoreState ref count has reached 0 - closing IndexWriter
INFO  - 2014-09-15 13:42:00.929; org.apache.solr.update.DefaultSolrCoreState; closing IndexWriter with IndexWriterCloser
INFO  - 2014-09-15 13:42:00.931; org.apache.solr.core.SolrCore; [collection1] Closing main searcher on request.
INFO  - 2014-09-15 13:42:00.931; org.apache.solr.core.CachingDirectoryFactory; Closing NRTCachingDirectoryFactory - 2 directories currently being tracked
INFO  - 2014-09-15 13:42:00.932; org.apache.solr.core.CachingDirectoryFactory; looking to close /home/hojoon/SmartSearch/SSEngine/solr/collection1/data/index [CachedDir<<refCount=0;path=/home/hojoon/SmartSearch/SSEngine/solr/collection1/data/index;done=false>>]
INFO  - 2014-09-15 13:42:00.932; org.apache.solr.core.CachingDirectoryFactory; Closing directory: /home/hojoon/SmartSearch/SSEngine/solr/collection1/data/index
INFO  - 2014-09-15 13:42:00.933; org.apache.solr.core.CachingDirectoryFactory; looking to close /home/hojoon/SmartSearch/SSEngine/solr/collection1/data [CachedDir<<refCount=0;path=/home/hojoon/SmartSearch/SSEngine/solr/collection1/data;done=false>>]
INFO  - 2014-09-15 13:42:00.933; org.apache.solr.core.CachingDirectoryFactory; Closing directory: /home/hojoon/SmartSearch/SSEngine/solr/collection1/data
INFO  - 2014-09-15 13:42:00.934; org.eclipse.jetty.server.handler.ContextHandler; stopped o.e.j.w.WebAppContext{/solr,file:/home/hojoon/SmartSearch/SSEngine/solr-webapp/webapp/},/home/hojoon/SmartSearch/SSEngine/webapps/solr.war
INFO  - 2014-09-15 14:06:17.022; org.eclipse.jetty.server.Server; jetty-8.1.10.v20130312
INFO  - 2014-09-15 14:06:17.049; org.eclipse.jetty.deploy.providers.ScanningAppProvider; Deployment monitor /home/hojoon/SmartSearch/SSEngine/contexts at interval 0
INFO  - 2014-09-15 14:06:17.056; org.eclipse.jetty.deploy.DeploymentManager; Deployable added: /home/hojoon/SmartSearch/SSEngine/contexts/solr-jetty-context.xml
INFO  - 2014-09-15 14:06:17.131; org.eclipse.jetty.webapp.WebInfConfiguration; Extract jar:file:/home/hojoon/SmartSearch/SSEngine/webapps/solr.war!/ to /home/hojoon/SmartSearch/SSEngine/solr-webapp/webapp
INFO  - 2014-09-15 14:06:18.419; org.eclipse.jetty.webapp.StandardDescriptorProcessor; NO JSP Support for /solr, did not find org.apache.jasper.servlet.JspServlet
INFO  - 2014-09-15 14:06:20.705; org.eclipse.jetty.server.AbstractConnector; Started SocketConnector@0.0.0.0:8983
INFO  - 2014-09-15 14:09:43.048; org.eclipse.jetty.server.Server; Graceful shutdown SocketConnector@0.0.0.0:8983
INFO  - 2014-09-15 14:09:43.048; org.eclipse.jetty.server.Server; Graceful shutdown o.e.j.w.WebAppContext{/solr,file:/home/hojoon/SmartSearch/SSEngine/solr-webapp/webapp/},/home/hojoon/SmartSearch/SSEngine/webapps/solr.war
INFO  - 2014-09-15 14:09:44.059; org.eclipse.jetty.server.handler.ContextHandler; stopped o.e.j.w.WebAppContext{/solr,file:/home/hojoon/SmartSearch/SSEngine/solr-webapp/webapp/},/home/hojoon/SmartSearch/SSEngine/webapps/solr.war
INFO  - 2014-09-17 13:08:15.286; org.eclipse.jetty.server.Server; jetty-8.1.10.v20130312
INFO  - 2014-09-17 13:08:15.342; org.eclipse.jetty.deploy.providers.ScanningAppProvider; Deployment monitor /home/hojoon/SmartSearch/SSEngine/contexts at interval 0
INFO  - 2014-09-17 13:08:15.358; org.eclipse.jetty.deploy.DeploymentManager; Deployable added: /home/hojoon/SmartSearch/SSEngine/contexts/solr-jetty-context.xml
INFO  - 2014-09-17 13:08:17.284; org.eclipse.jetty.webapp.StandardDescriptorProcessor; NO JSP Support for /solr, did not find org.apache.jasper.servlet.JspServlet
INFO  - 2014-09-17 13:08:24.812; org.eclipse.jetty.server.AbstractConnector; Started SocketConnector@0.0.0.0:8983
INFO  - 2014-09-17 13:30:24.040; org.eclipse.jetty.server.Server; Graceful shutdown SocketConnector@0.0.0.0:8983
INFO  - 2014-09-17 13:30:24.117; org.eclipse.jetty.server.Server; Graceful shutdown o.e.j.w.WebAppContext{/solr,file:/home/hojoon/SmartSearch/SSEngine/solr-webapp/webapp/},/home/hojoon/SmartSearch/SSEngine/webapps/solr.war
INFO  - 2014-09-17 13:30:25.471; org.eclipse.jetty.server.handler.ContextHandler; stopped o.e.j.w.WebAppContext{/solr,file:/home/hojoon/SmartSearch/SSEngine/solr-webapp/webapp/},/home/hojoon/SmartSearch/SSEngine/webapps/solr.war
INFO  - 2014-09-17 13:30:30.605; org.eclipse.jetty.server.Server; jetty-8.1.10.v20130312
INFO  - 2014-09-17 13:30:30.707; org.eclipse.jetty.deploy.providers.ScanningAppProvider; Deployment monitor /home/hojoon/SmartSearch/SSEngine/contexts at interval 0
INFO  - 2014-09-17 13:30:30.725; org.eclipse.jetty.deploy.DeploymentManager; Deployable added: /home/hojoon/SmartSearch/SSEngine/contexts/solr-jetty-context.xml
INFO  - 2014-09-17 13:30:33.270; org.eclipse.jetty.webapp.StandardDescriptorProcessor; NO JSP Support for /solr, did not find org.apache.jasper.servlet.JspServlet
INFO  - 2014-09-17 13:30:39.897; org.eclipse.jetty.server.AbstractConnector; Started SocketConnector@0.0.0.0:8983
INFO  - 2014-09-17 13:35:28.539; org.eclipse.jetty.server.Server; Graceful shutdown SocketConnector@0.0.0.0:8983
INFO  - 2014-09-17 13:35:28.585; org.eclipse.jetty.server.Server; Graceful shutdown o.e.j.w.WebAppContext{/solr,file:/home/hojoon/SmartSearch/SSEngine/solr-webapp/webapp/},/home/hojoon/SmartSearch/SSEngine/webapps/solr.war
INFO  - 2014-09-17 13:35:29.718; org.eclipse.jetty.server.handler.ContextHandler; stopped o.e.j.w.WebAppContext{/solr,file:/home/hojoon/SmartSearch/SSEngine/solr-webapp/webapp/},/home/hojoon/SmartSearch/SSEngine/webapps/solr.war
INFO  - 2014-09-17 13:35:33.279; org.eclipse.jetty.server.Server; jetty-8.1.10.v20130312
INFO  - 2014-09-17 13:35:33.324; org.eclipse.jetty.deploy.providers.ScanningAppProvider; Deployment monitor /home/hojoon/SmartSearch/SSEngine/contexts at interval 0
INFO  - 2014-09-17 13:35:33.335; org.eclipse.jetty.deploy.DeploymentManager; Deployable added: /home/hojoon/SmartSearch/SSEngine/contexts/solr-jetty-context.xml
INFO  - 2014-09-17 13:35:34.834; org.eclipse.jetty.webapp.StandardDescriptorProcessor; NO JSP Support for /solr, did not find org.apache.jasper.servlet.JspServlet
INFO  - 2014-09-17 13:35:40.164; org.eclipse.jetty.server.AbstractConnector; Started SocketConnector@0.0.0.0:8983
INFO  - 2014-09-17 13:55:18.330; org.eclipse.jetty.server.Server; Graceful shutdown SocketConnector@0.0.0.0:8983
INFO  - 2014-09-17 13:55:18.340; org.eclipse.jetty.server.Server; Graceful shutdown o.e.j.w.WebAppContext{/solr,file:/home/hojoon/SmartSearch/SSEngine/solr-webapp/webapp/},/home/hojoon/SmartSearch/SSEngine/webapps/solr.war
INFO  - 2014-09-17 13:55:19.366; org.eclipse.jetty.server.handler.ContextHandler; stopped o.e.j.w.WebAppContext{/solr,file:/home/hojoon/SmartSearch/SSEngine/solr-webapp/webapp/},/home/hojoon/SmartSearch/SSEngine/webapps/solr.war
INFO  - 2014-09-17 13:55:23.096; org.eclipse.jetty.server.Server; jetty-8.1.10.v20130312
INFO  - 2014-09-17 13:55:23.162; org.eclipse.jetty.deploy.providers.ScanningAppProvider; Deployment monitor /home/hojoon/SmartSearch/SSEngine/contexts at interval 0
INFO  - 2014-09-17 13:55:23.175; org.eclipse.jetty.deploy.DeploymentManager; Deployable added: /home/hojoon/SmartSearch/SSEngine/contexts/solr-jetty-context.xml
INFO  - 2014-09-17 13:55:25.052; org.eclipse.jetty.webapp.StandardDescriptorProcessor; NO JSP Support for /solr, did not find org.apache.jasper.servlet.JspServlet
INFO  - 2014-09-17 13:55:30.635; org.eclipse.jetty.server.AbstractConnector; Started SocketConnector@0.0.0.0:8983
INFO  - 2014-09-17 14:05:36.533; org.eclipse.jetty.server.Server; Graceful shutdown SocketConnector@0.0.0.0:8983
INFO  - 2014-09-17 14:05:36.541; org.eclipse.jetty.server.Server; Graceful shutdown o.e.j.w.WebAppContext{/solr,file:/home/hojoon/SmartSearch/SSEngine/solr-webapp/webapp/},/home/hojoon/SmartSearch/SSEngine/webapps/solr.war
INFO  - 2014-09-17 14:05:37.552; org.eclipse.jetty.server.handler.ContextHandler; stopped o.e.j.w.WebAppContext{/solr,file:/home/hojoon/SmartSearch/SSEngine/solr-webapp/webapp/},/home/hojoon/SmartSearch/SSEngine/webapps/solr.war
INFO  - 2014-09-17 14:05:40.161; org.eclipse.jetty.server.Server; jetty-8.1.10.v20130312
INFO  - 2014-09-17 14:05:40.208; org.eclipse.jetty.deploy.providers.ScanningAppProvider; Deployment monitor /home/hojoon/SmartSearch/SSEngine/contexts at interval 0
INFO  - 2014-09-17 14:05:40.218; org.eclipse.jetty.deploy.DeploymentManager; Deployable added: /home/hojoon/SmartSearch/SSEngine/contexts/solr-jetty-context.xml
INFO  - 2014-09-17 14:05:41.800; org.eclipse.jetty.webapp.StandardDescriptorProcessor; NO JSP Support for /solr, did not find org.apache.jasper.servlet.JspServlet
INFO  - 2014-09-17 14:05:46.213; org.eclipse.jetty.server.AbstractConnector; Started SocketConnector@0.0.0.0:8983
INFO  - 2014-09-17 14:11:30.452; org.eclipse.jetty.server.Server; Graceful shutdown SocketConnector@0.0.0.0:8983
INFO  - 2014-09-17 14:11:30.600; org.eclipse.jetty.server.Server; Graceful shutdown o.e.j.w.WebAppContext{/solr,file:/home/hojoon/SmartSearch/SSEngine/solr-webapp/webapp/},/home/hojoon/SmartSearch/SSEngine/webapps/solr.war
INFO  - 2014-09-17 14:11:31.628; org.eclipse.jetty.server.handler.ContextHandler; stopped o.e.j.w.WebAppContext{/solr,file:/home/hojoon/SmartSearch/SSEngine/solr-webapp/webapp/},/home/hojoon/SmartSearch/SSEngine/webapps/solr.war
INFO  - 2014-09-17 14:11:36.417; org.eclipse.jetty.server.Server; jetty-8.1.10.v20130312
INFO  - 2014-09-17 14:11:36.488; org.eclipse.jetty.deploy.providers.ScanningAppProvider; Deployment monitor /home/hojoon/SmartSearch/SSEngine/contexts at interval 0
INFO  - 2014-09-17 14:11:36.503; org.eclipse.jetty.deploy.DeploymentManager; Deployable added: /home/hojoon/SmartSearch/SSEngine/contexts/solr-jetty-context.xml
INFO  - 2014-09-17 14:11:38.725; org.eclipse.jetty.webapp.StandardDescriptorProcessor; NO JSP Support for /solr, did not find org.apache.jasper.servlet.JspServlet
INFO  - 2014-09-17 14:11:46.770; org.eclipse.jetty.server.AbstractConnector; Started SocketConnector@0.0.0.0:8983
INFO  - 2014-09-17 14:12:37.056; org.eclipse.jetty.server.Server; Graceful shutdown SocketConnector@0.0.0.0:8983
INFO  - 2014-09-17 14:12:37.064; org.eclipse.jetty.server.Server; Graceful shutdown o.e.j.w.WebAppContext{/solr,file:/home/hojoon/SmartSearch/SSEngine/solr-webapp/webapp/},/home/hojoon/SmartSearch/SSEngine/webapps/solr.war
INFO  - 2014-09-17 14:12:38.078; org.eclipse.jetty.server.handler.ContextHandler; stopped o.e.j.w.WebAppContext{/solr,file:/home/hojoon/SmartSearch/SSEngine/solr-webapp/webapp/},/home/hojoon/SmartSearch/SSEngine/webapps/solr.war
INFO  - 2014-09-17 17:09:34.894; org.eclipse.jetty.server.Server; jetty-8.1.10.v20130312
INFO  - 2014-09-17 17:09:34.945; org.eclipse.jetty.deploy.providers.ScanningAppProvider; Deployment monitor /home/hojoon/SmartSearch/SSEngine/contexts at interval 0
INFO  - 2014-09-17 17:09:34.955; org.eclipse.jetty.deploy.DeploymentManager; Deployable added: /home/hojoon/SmartSearch/SSEngine/contexts/solr-jetty-context.xml
INFO  - 2014-09-17 17:09:36.850; org.eclipse.jetty.webapp.StandardDescriptorProcessor; NO JSP Support for /solr, did not find org.apache.jasper.servlet.JspServlet
INFO  - 2014-09-17 17:09:42.873; org.eclipse.jetty.server.AbstractConnector; Started SocketConnector@0.0.0.0:8983
INFO  - 2014-09-17 17:22:02.889; org.eclipse.jetty.server.Server; Graceful shutdown SocketConnector@0.0.0.0:8983
INFO  - 2014-09-17 17:22:02.904; org.eclipse.jetty.server.Server; Graceful shutdown o.e.j.w.WebAppContext{/solr,file:/home/hojoon/SmartSearch/SSEngine/solr-webapp/webapp/},/home/hojoon/SmartSearch/SSEngine/webapps/solr.war
INFO  - 2014-09-17 17:22:03.924; org.eclipse.jetty.server.handler.ContextHandler; stopped o.e.j.w.WebAppContext{/solr,file:/home/hojoon/SmartSearch/SSEngine/solr-webapp/webapp/},/home/hojoon/SmartSearch/SSEngine/webapps/solr.war
INFO  - 2014-09-17 17:23:30.578; org.eclipse.jetty.server.Server; jetty-8.1.10.v20130312
INFO  - 2014-09-17 17:23:30.629; org.eclipse.jetty.deploy.providers.ScanningAppProvider; Deployment monitor /home/hojoon/SmartSearch/SSEngine/contexts at interval 0
INFO  - 2014-09-17 17:23:30.639; org.eclipse.jetty.deploy.DeploymentManager; Deployable added: /home/hojoon/SmartSearch/SSEngine/contexts/solr-jetty-context.xml
INFO  - 2014-09-17 17:23:32.269; org.eclipse.jetty.webapp.StandardDescriptorProcessor; NO JSP Support for /solr, did not find org.apache.jasper.servlet.JspServlet
INFO  - 2014-09-17 17:23:36.876; org.eclipse.jetty.server.AbstractConnector; Started SocketConnector@0.0.0.0:8983
INFO  - 2014-09-17 17:38:36.962; org.eclipse.jetty.server.Server; Graceful shutdown SocketConnector@0.0.0.0:8983
INFO  - 2014-09-17 17:38:36.976; org.eclipse.jetty.server.Server; Graceful shutdown o.e.j.w.WebAppContext{/solr,file:/home/hojoon/SmartSearch/SSEngine/solr-webapp/webapp/},/home/hojoon/SmartSearch/SSEngine/webapps/solr.war
INFO  - 2014-09-17 17:38:37.987; org.eclipse.jetty.server.handler.ContextHandler; stopped o.e.j.w.WebAppContext{/solr,file:/home/hojoon/SmartSearch/SSEngine/solr-webapp/webapp/},/home/hojoon/SmartSearch/SSEngine/webapps/solr.war
INFO  - 2014-09-17 17:41:31.875; org.eclipse.jetty.server.Server; jetty-8.1.10.v20130312
INFO  - 2014-09-17 17:41:31.915; org.eclipse.jetty.deploy.providers.ScanningAppProvider; Deployment monitor /home/hojoon/SmartSearch/SSEngine/contexts at interval 0
INFO  - 2014-09-17 17:41:31.924; org.eclipse.jetty.deploy.DeploymentManager; Deployable added: /home/hojoon/SmartSearch/SSEngine/contexts/solr-jetty-context.xml
INFO  - 2014-09-17 17:41:33.409; org.eclipse.jetty.webapp.StandardDescriptorProcessor; NO JSP Support for /solr, did not find org.apache.jasper.servlet.JspServlet
INFO  - 2014-09-17 17:41:37.377; org.eclipse.jetty.server.AbstractConnector; Started SocketConnector@0.0.0.0:8983
INFO  - 2014-09-17 17:44:47.498; org.eclipse.jetty.server.Server; Graceful shutdown SocketConnector@0.0.0.0:8983
INFO  - 2014-09-17 17:44:47.540; org.eclipse.jetty.server.Server; Graceful shutdown o.e.j.w.WebAppContext{/solr,file:/home/hojoon/SmartSearch/SSEngine/solr-webapp/webapp/},/home/hojoon/SmartSearch/SSEngine/webapps/solr.war
INFO  - 2014-09-17 17:44:48.622; org.eclipse.jetty.server.handler.ContextHandler; stopped o.e.j.w.WebAppContext{/solr,file:/home/hojoon/SmartSearch/SSEngine/solr-webapp/webapp/},/home/hojoon/SmartSearch/SSEngine/webapps/solr.war
INFO  - 2014-09-17 17:44:55.594; org.eclipse.jetty.server.Server; jetty-8.1.10.v20130312
INFO  - 2014-09-17 17:44:55.634; org.eclipse.jetty.deploy.providers.ScanningAppProvider; Deployment monitor /home/hojoon/SmartSearch/SSEngine/contexts at interval 0
INFO  - 2014-09-17 17:44:55.645; org.eclipse.jetty.deploy.DeploymentManager; Deployable added: /home/hojoon/SmartSearch/SSEngine/contexts/solr-jetty-context.xml
INFO  - 2014-09-17 17:44:57.384; org.eclipse.jetty.webapp.StandardDescriptorProcessor; NO JSP Support for /solr, did not find org.apache.jasper.servlet.JspServlet
INFO  - 2014-09-17 17:45:02.275; org.eclipse.jetty.server.AbstractConnector; Started SocketConnector@0.0.0.0:8983
INFO  - 2014-09-17 22:40:51.420; org.eclipse.jetty.server.Server; Graceful shutdown SocketConnector@0.0.0.0:8983
INFO  - 2014-09-17 22:40:51.429; org.eclipse.jetty.server.Server; Graceful shutdown o.e.j.w.WebAppContext{/solr,file:/home/hojoon/SmartSearch/SSEngine/solr-webapp/webapp/},/home/hojoon/SmartSearch/SSEngine/webapps/solr.war
INFO  - 2014-09-17 22:40:52.490; org.eclipse.jetty.server.handler.ContextHandler; stopped o.e.j.w.WebAppContext{/solr,file:/home/hojoon/SmartSearch/SSEngine/solr-webapp/webapp/},/home/hojoon/SmartSearch/SSEngine/webapps/solr.war
INFO  - 2014-09-17 22:40:56.067; org.eclipse.jetty.server.Server; jetty-8.1.10.v20130312
INFO  - 2014-09-17 22:40:56.148; org.eclipse.jetty.deploy.providers.ScanningAppProvider; Deployment monitor /home/hojoon/SmartSearch/SSEngine/contexts at interval 0
INFO  - 2014-09-17 22:40:56.165; org.eclipse.jetty.deploy.DeploymentManager; Deployable added: /home/hojoon/SmartSearch/SSEngine/contexts/solr-jetty-context.xml
INFO  - 2014-09-17 22:40:58.544; org.eclipse.jetty.webapp.StandardDescriptorProcessor; NO JSP Support for /solr, did not find org.apache.jasper.servlet.JspServlet
INFO  - 2014-09-17 22:41:00.972; org.eclipse.jetty.server.AbstractConnector; Started SocketConnector@0.0.0.0:8983
INFO  - 2014-09-18 02:44:58.618; org.eclipse.jetty.server.Server; Graceful shutdown SocketConnector@0.0.0.0:8983
INFO  - 2014-09-18 02:44:58.654; org.eclipse.jetty.server.Server; Graceful shutdown o.e.j.w.WebAppContext{/solr,file:/home/hojoon/SmartSearch/SSEngine/solr-webapp/webapp/},/home/hojoon/SmartSearch/SSEngine/webapps/solr.war
INFO  - 2014-09-18 02:44:59.795; org.eclipse.jetty.server.handler.ContextHandler; stopped o.e.j.w.WebAppContext{/solr,file:/home/hojoon/SmartSearch/SSEngine/solr-webapp/webapp/},/home/hojoon/SmartSearch/SSEngine/webapps/solr.war
INFO  - 2014-09-18 02:46:03.784; org.eclipse.jetty.server.Server; jetty-8.1.10.v20130312
INFO  - 2014-09-18 02:46:03.840; org.eclipse.jetty.deploy.providers.ScanningAppProvider; Deployment monitor /home/hojoon/SmartSearch/SSEngine/contexts at interval 0
INFO  - 2014-09-18 02:46:03.851; org.eclipse.jetty.deploy.DeploymentManager; Deployable added: /home/hojoon/SmartSearch/SSEngine/contexts/solr-jetty-context.xml
INFO  - 2014-09-18 02:46:05.672; org.eclipse.jetty.webapp.StandardDescriptorProcessor; NO JSP Support for /solr, did not find org.apache.jasper.servlet.JspServlet
INFO  - 2014-09-18 02:46:12.197; org.eclipse.jetty.server.AbstractConnector; Started SocketConnector@0.0.0.0:8983
INFO  - 2014-09-18 02:46:23.303; org.eclipse.jetty.server.Server; Graceful shutdown SocketConnector@0.0.0.0:8983
INFO  - 2014-09-18 02:46:23.305; org.eclipse.jetty.server.Server; Graceful shutdown o.e.j.w.WebAppContext{/solr,file:/home/hojoon/SmartSearch/SSEngine/solr-webapp/webapp/},/home/hojoon/SmartSearch/SSEngine/webapps/solr.war
INFO  - 2014-09-18 02:46:24.564; org.eclipse.jetty.server.handler.ContextHandler; stopped o.e.j.w.WebAppContext{/solr,file:/home/hojoon/SmartSearch/SSEngine/solr-webapp/webapp/},/home/hojoon/SmartSearch/SSEngine/webapps/solr.war
INFO  - 2014-09-18 02:47:11.089; org.eclipse.jetty.server.Server; jetty-8.1.10.v20130312
INFO  - 2014-09-18 02:47:11.141; org.eclipse.jetty.deploy.providers.ScanningAppProvider; Deployment monitor /home/hojoon/SmartSearch/SSEngine/contexts at interval 0
INFO  - 2014-09-18 02:47:11.151; org.eclipse.jetty.deploy.DeploymentManager; Deployable added: /home/hojoon/SmartSearch/SSEngine/contexts/solr-jetty-context.xml
INFO  - 2014-09-18 02:47:12.804; org.eclipse.jetty.webapp.StandardDescriptorProcessor; NO JSP Support for /solr, did not find org.apache.jasper.servlet.JspServlet
INFO  - 2014-09-18 02:47:17.499; org.eclipse.jetty.server.AbstractConnector; Started SocketConnector@0.0.0.0:8983
INFO  - 2014-09-18 02:51:15.799; org.eclipse.jetty.server.Server; Graceful shutdown SocketConnector@0.0.0.0:8983
INFO  - 2014-09-18 02:51:15.804; org.eclipse.jetty.server.Server; Graceful shutdown o.e.j.w.WebAppContext{/solr,file:/home/hojoon/SmartSearch/SSEngine/solr-webapp/webapp/},/home/hojoon/SmartSearch/SSEngine/webapps/solr.war
INFO  - 2014-09-18 02:51:16.815; org.eclipse.jetty.server.handler.ContextHandler; stopped o.e.j.w.WebAppContext{/solr,file:/home/hojoon/SmartSearch/SSEngine/solr-webapp/webapp/},/home/hojoon/SmartSearch/SSEngine/webapps/solr.war
INFO  - 2014-09-18 13:33:48.159; org.eclipse.jetty.server.Server; jetty-8.1.10.v20130312
INFO  - 2014-09-18 13:33:48.215; org.eclipse.jetty.deploy.providers.ScanningAppProvider; Deployment monitor /home/hojoon/SmartSearch/SSEngine/contexts at interval 0
INFO  - 2014-09-18 13:33:48.230; org.eclipse.jetty.deploy.DeploymentManager; Deployable added: /home/hojoon/SmartSearch/SSEngine/contexts/solr-jetty-context.xml
INFO  - 2014-09-18 13:33:50.172; org.eclipse.jetty.webapp.StandardDescriptorProcessor; NO JSP Support for /solr, did not find org.apache.jasper.servlet.JspServlet
INFO  - 2014-09-18 13:33:57.489; org.eclipse.jetty.server.AbstractConnector; Started SocketConnector@0.0.0.0:8983
INFO  - 2014-09-18 14:01:42.309; org.eclipse.jetty.server.Server; jetty-8.1.10.v20130312
INFO  - 2014-09-18 14:01:42.360; org.eclipse.jetty.deploy.providers.ScanningAppProvider; Deployment monitor /home/hojoon/SmartSearch/SSEngine/contexts at interval 0
INFO  - 2014-09-18 14:01:42.371; org.eclipse.jetty.deploy.DeploymentManager; Deployable added: /home/hojoon/SmartSearch/SSEngine/contexts/solr-jetty-context.xml
INFO  - 2014-09-18 14:01:44.085; org.eclipse.jetty.webapp.StandardDescriptorProcessor; NO JSP Support for /solr, did not find org.apache.jasper.servlet.JspServlet
INFO  - 2014-09-18 14:01:51.633; org.eclipse.jetty.server.Server; Graceful shutdown SocketConnector@0.0.0.0:8983
INFO  - 2014-09-18 14:01:51.655; org.eclipse.jetty.server.Server; Graceful shutdown o.e.j.w.WebAppContext{/solr,file:/home/hojoon/SmartSearch/SSEngine/solr-webapp/webapp/},/home/hojoon/SmartSearch/SSEngine/webapps/solr.war
INFO  - 2014-09-18 14:01:52.787; org.eclipse.jetty.server.handler.ContextHandler; stopped o.e.j.w.WebAppContext{/solr,file:/home/hojoon/SmartSearch/SSEngine/solr-webapp/webapp/},/home/hojoon/SmartSearch/SSEngine/webapps/solr.war
INFO  - 2014-09-18 14:02:03.812; org.eclipse.jetty.server.Server; jetty-8.1.10.v20130312
INFO  - 2014-09-18 14:02:04.041; org.eclipse.jetty.deploy.providers.ScanningAppProvider; Deployment monitor /home/hojoon/SmartSearch/SSEngine/contexts at interval 0
INFO  - 2014-09-18 14:02:04.084; org.eclipse.jetty.deploy.DeploymentManager; Deployable added: /home/hojoon/SmartSearch/SSEngine/contexts/solr-jetty-context.xml
INFO  - 2014-09-18 14:02:05.552; org.eclipse.jetty.webapp.StandardDescriptorProcessor; NO JSP Support for /solr, did not find org.apache.jasper.servlet.JspServlet
INFO  - 2014-09-18 14:02:09.978; org.eclipse.jetty.server.AbstractConnector; Started SocketConnector@0.0.0.0:8983
INFO  - 2014-09-18 14:40:39.762; org.eclipse.jetty.server.Server; Graceful shutdown SocketConnector@0.0.0.0:8983
INFO  - 2014-09-18 14:40:39.804; org.eclipse.jetty.server.Server; Graceful shutdown o.e.j.w.WebAppContext{/solr,file:/home/hojoon/SmartSearch/SSEngine/solr-webapp/webapp/},/home/hojoon/SmartSearch/SSEngine/webapps/solr.war
INFO  - 2014-09-18 14:40:40.938; org.eclipse.jetty.server.handler.ContextHandler; stopped o.e.j.w.WebAppContext{/solr,file:/home/hojoon/SmartSearch/SSEngine/solr-webapp/webapp/},/home/hojoon/SmartSearch/SSEngine/webapps/solr.war
INFO  - 2014-09-18 14:42:58.186; org.eclipse.jetty.server.Server; jetty-8.1.10.v20130312
INFO  - 2014-09-18 14:42:58.236; org.eclipse.jetty.deploy.providers.ScanningAppProvider; Deployment monitor /home/hojoon/SmartSearch/SSEngine/contexts at interval 0
INFO  - 2014-09-18 14:42:58.247; org.eclipse.jetty.deploy.DeploymentManager; Deployable added: /home/hojoon/SmartSearch/SSEngine/contexts/solr-jetty-context.xml
INFO  - 2014-09-18 14:42:59.825; org.eclipse.jetty.webapp.StandardDescriptorProcessor; NO JSP Support for /solr, did not find org.apache.jasper.servlet.JspServlet
INFO  - 2014-09-18 14:43:04.345; org.eclipse.jetty.server.AbstractConnector; Started SocketConnector@0.0.0.0:8983
INFO  - 2014-09-18 14:45:42.769; org.eclipse.jetty.server.Server; Graceful shutdown SocketConnector@0.0.0.0:8983
INFO  - 2014-09-18 14:45:42.778; org.eclipse.jetty.server.Server; Graceful shutdown o.e.j.w.WebAppContext{/solr,file:/home/hojoon/SmartSearch/SSEngine/solr-webapp/webapp/},/home/hojoon/SmartSearch/SSEngine/webapps/solr.war
INFO  - 2014-09-18 14:45:43.794; org.eclipse.jetty.server.handler.ContextHandler; stopped o.e.j.w.WebAppContext{/solr,file:/home/hojoon/SmartSearch/SSEngine/solr-webapp/webapp/},/home/hojoon/SmartSearch/SSEngine/webapps/solr.war
INFO  - 2014-09-18 15:17:17.227; org.eclipse.jetty.server.Server; jetty-8.1.10.v20130312
INFO  - 2014-09-18 15:17:17.285; org.eclipse.jetty.deploy.providers.ScanningAppProvider; Deployment monitor /home/hojoon/SmartSearch/SSEngine/contexts at interval 0
INFO  - 2014-09-18 15:17:17.297; org.eclipse.jetty.deploy.DeploymentManager; Deployable added: /home/hojoon/SmartSearch/SSEngine/contexts/solr-jetty-context.xml
INFO  - 2014-09-18 15:17:19.035; org.eclipse.jetty.webapp.StandardDescriptorProcessor; NO JSP Support for /solr, did not find org.apache.jasper.servlet.JspServlet
INFO  - 2014-09-18 15:17:26.855; org.eclipse.jetty.server.AbstractConnector; Started SocketConnector@0.0.0.0:8983
INFO  - 2014-09-18 15:20:15.659; org.eclipse.jetty.server.Server; Graceful shutdown SocketConnector@0.0.0.0:8983
INFO  - 2014-09-18 15:20:15.668; org.eclipse.jetty.server.Server; Graceful shutdown o.e.j.w.WebAppContext{/solr,file:/home/hojoon/SmartSearch/SSEngine/solr-webapp/webapp/},/home/hojoon/SmartSearch/SSEngine/webapps/solr.war
INFO  - 2014-09-18 15:20:16.681; org.eclipse.jetty.server.handler.ContextHandler; stopped o.e.j.w.WebAppContext{/solr,file:/home/hojoon/SmartSearch/SSEngine/solr-webapp/webapp/},/home/hojoon/SmartSearch/SSEngine/webapps/solr.war
INFO  - 2014-09-18 18:31:27.326; org.eclipse.jetty.server.Server; jetty-8.1.10.v20130312
INFO  - 2014-09-18 18:31:27.360; org.eclipse.jetty.deploy.providers.ScanningAppProvider; Deployment monitor /home/hojoon/SmartSearch/SSEngine/contexts at interval 0
INFO  - 2014-09-18 18:31:27.371; org.eclipse.jetty.deploy.DeploymentManager; Deployable added: /home/hojoon/SmartSearch/SSEngine/contexts/solr-jetty-context.xml
INFO  - 2014-09-18 18:31:28.427; org.eclipse.jetty.webapp.StandardDescriptorProcessor; NO JSP Support for /solr, did not find org.apache.jasper.servlet.JspServlet
INFO  - 2014-09-18 18:31:30.948; org.eclipse.jetty.server.AbstractConnector; Started SocketConnector@0.0.0.0:8983
INFO  - 2014-09-18 18:35:55.773; org.eclipse.jetty.server.Server; Graceful shutdown SocketConnector@0.0.0.0:8983
INFO  - 2014-09-18 18:35:55.774; org.eclipse.jetty.server.Server; Graceful shutdown o.e.j.w.WebAppContext{/solr,file:/home/hojoon/SmartSearch/SSEngine/solr-webapp/webapp/},/home/hojoon/SmartSearch/SSEngine/webapps/solr.war
INFO  - 2014-09-18 18:35:56.786; org.eclipse.jetty.server.handler.ContextHandler; stopped o.e.j.w.WebAppContext{/solr,file:/home/hojoon/SmartSearch/SSEngine/solr-webapp/webapp/},/home/hojoon/SmartSearch/SSEngine/webapps/solr.war
INFO  - 2014-09-22 12:46:04.216; org.eclipse.jetty.server.Server; jetty-8.1.10.v20130312
INFO  - 2014-09-22 12:46:04.276; org.eclipse.jetty.deploy.providers.ScanningAppProvider; Deployment monitor /home/hojoon/SmartSearch/SQASS/contexts at interval 0
INFO  - 2014-09-22 12:46:04.288; org.eclipse.jetty.deploy.DeploymentManager; Deployable added: /home/hojoon/SmartSearch/SQASS/contexts/solr-jetty-context.xml
INFO  - 2014-09-22 12:46:05.998; org.eclipse.jetty.webapp.StandardDescriptorProcessor; NO JSP Support for /solr, did not find org.apache.jasper.servlet.JspServlet
INFO  - 2014-09-22 12:46:12.915; org.eclipse.jetty.server.AbstractConnector; Started SocketConnector@0.0.0.0:8983
INFO  - 2014-09-22 12:55:04.853; org.eclipse.jetty.server.Server; Graceful shutdown SocketConnector@0.0.0.0:8983
INFO  - 2014-09-22 12:55:04.860; org.eclipse.jetty.server.Server; Graceful shutdown o.e.j.w.WebAppContext{/solr,file:/home/hojoon/SmartSearch/SQASS/solr-webapp/webapp/},/home/hojoon/SmartSearch/SQASS/webapps/solr.war
INFO  - 2014-09-22 12:55:05.873; org.eclipse.jetty.server.handler.ContextHandler; stopped o.e.j.w.WebAppContext{/solr,file:/home/hojoon/SmartSearch/SQASS/solr-webapp/webapp/},/home/hojoon/SmartSearch/SQASS/webapps/solr.war
INFO  - 2014-09-22 15:34:01.562; org.eclipse.jetty.server.Server; jetty-8.1.10.v20130312
INFO  - 2014-09-22 15:34:01.615; org.eclipse.jetty.deploy.providers.ScanningAppProvider; Deployment monitor /home/hojoon/SmartSearch/SQASS/contexts at interval 0
INFO  - 2014-09-22 15:34:01.625; org.eclipse.jetty.deploy.DeploymentManager; Deployable added: /home/hojoon/SmartSearch/SQASS/contexts/solr-jetty-context.xml
INFO  - 2014-09-22 15:34:03.131; org.eclipse.jetty.webapp.StandardDescriptorProcessor; NO JSP Support for /solr, did not find org.apache.jasper.servlet.JspServlet
INFO  - 2014-09-22 15:34:08.376; org.eclipse.jetty.server.AbstractConnector; Started SocketConnector@0.0.0.0:8983
INFO  - 2014-09-22 16:04:55.913; org.eclipse.jetty.server.Server; Graceful shutdown SocketConnector@0.0.0.0:8983
INFO  - 2014-09-22 16:04:55.915; org.eclipse.jetty.server.Server; Graceful shutdown o.e.j.w.WebAppContext{/solr,file:/home/hojoon/SmartSearch/SQASS/solr-webapp/webapp/},/home/hojoon/SmartSearch/SQASS/webapps/solr.war
INFO  - 2014-09-22 16:04:56.934; org.eclipse.jetty.server.handler.ContextHandler; stopped o.e.j.w.WebAppContext{/solr,file:/home/hojoon/SmartSearch/SQASS/solr-webapp/webapp/},/home/hojoon/SmartSearch/SQASS/webapps/solr.war
INFO  - 2015-03-31 18:35:33.362; org.eclipse.jetty.server.Server; jetty-8.1.10.v20130312
INFO  - 2015-03-31 18:35:33.885; org.eclipse.jetty.deploy.providers.ScanningAppProvider; Deployment monitor /home/hojoon/SQASS/contexts at interval 0
INFO  - 2015-03-31 18:35:34.001; org.eclipse.jetty.deploy.DeploymentManager; Deployable added: /home/hojoon/SQASS/contexts/solr-jetty-context.xml
INFO  - 2015-03-31 18:35:50.391; org.eclipse.jetty.webapp.StandardDescriptorProcessor; NO JSP Support for /solr, did not find org.apache.jasper.servlet.JspServlet
INFO  - 2015-03-31 18:36:27.056; org.eclipse.jetty.server.AbstractConnector; Started SocketConnector@0.0.0.0:8983
INFO  - 2015-03-31 21:24:44.477; org.eclipse.jetty.server.Server; Graceful shutdown SocketConnector@0.0.0.0:8983
INFO  - 2015-03-31 21:24:44.495; org.eclipse.jetty.server.Server; Graceful shutdown o.e.j.w.WebAppContext{/solr,file:/home/hojoon/SQASS/solr-webapp/webapp/},/home/hojoon/SQASS/webapps/solr.war
INFO  - 2015-03-31 21:24:45.606; org.eclipse.jetty.server.handler.ContextHandler; stopped o.e.j.w.WebAppContext{/solr,file:/home/hojoon/SQASS/solr-webapp/webapp/},/home/hojoon/SQASS/webapps/solr.war
